Using pre-set license
Built from '2022.3/staging' branch; Version is '2022.3.11f1 (d00248457e15) revision 13632072'; Using compiler version '192829333'; Build Type 'Release'
OS: 'Windows 11  (10.0.22631) 64bit Core' Language: 'en' Physical Memory: 32620 MB
BatchMode: 1, IsHumanControllingUs: 0, StartBugReporterOnCrash: 0, Is64bit: 1, IsPro: 1

COMMAND LINE ARGUMENTS:
C:\Program Files\Unity\Hub\Editor\2022.3.11f1\Editor\Unity.exe
-adb2
-batchMode
-noUpm
-name
AssetImportWorker0
-projectPath
C:/Users/goodo/Documents/Programming/Unity/ML Dodgeball
-logFile
Logs/AssetImportWorker0.log
-srvPort
59282
Successfully changed project path to: C:/Users/goodo/Documents/Programming/Unity/ML Dodgeball
C:/Users/goodo/Documents/Programming/Unity/ML Dodgeball
[UnityMemory] Configuration Parameters - Can be set up in boot.config
    "memorysetup-bucket-allocator-granularity=16"
    "memorysetup-bucket-allocator-bucket-count=8"
    "memorysetup-bucket-allocator-block-size=33554432"
    "memorysetup-bucket-allocator-block-count=8"
    "memorysetup-main-allocator-block-size=16777216"
    "memorysetup-thread-allocator-block-size=16777216"
    "memorysetup-gfx-main-allocator-block-size=16777216"
    "memorysetup-gfx-thread-allocator-block-size=16777216"
    "memorysetup-cache-allocator-block-size=4194304"
    "memorysetup-typetree-allocator-block-size=2097152"
    "memorysetup-profiler-bucket-allocator-granularity=16"
    "memorysetup-profiler-bucket-allocator-bucket-count=8"
    "memorysetup-profiler-bucket-allocator-block-size=33554432"
    "memorysetup-profiler-bucket-allocator-block-count=8"
    "memorysetup-profiler-allocator-block-size=16777216"
    "memorysetup-profiler-editor-allocator-block-size=1048576"
    "memorysetup-temp-allocator-size-main=16777216"
    "memorysetup-job-temp-allocator-block-size=2097152"
    "memorysetup-job-temp-allocator-block-size-background=1048576"
    "memorysetup-job-temp-allocator-reduction-small-platforms=262144"
    "memorysetup-allocator-temp-initial-block-size-main=262144"
    "memorysetup-allocator-temp-initial-block-size-worker=262144"
    "memorysetup-temp-allocator-size-background-worker=32768"
    "memorysetup-temp-allocator-size-job-worker=262144"
    "memorysetup-temp-allocator-size-preload-manager=33554432"
    "memorysetup-temp-allocator-size-nav-mesh-worker=65536"
    "memorysetup-temp-allocator-size-audio-worker=65536"
    "memorysetup-temp-allocator-size-cloud-worker=32768"
    "memorysetup-temp-allocator-size-gi-baking-worker=262144"
    "memorysetup-temp-allocator-size-gfx=262144"
Player connection [39752] Host "[IP] 192.168.0.191 [Port] 0 [Flags] 2 [Guid] 2738857133 [EditorId] 2738857133 [Version] 1048832 [Id] WindowsEditor(7,cuppa-legion5) [Debug] 1 [PackageName] WindowsEditor [ProjectName] Editor" joined multi-casting on [225.0.0.222:54997]...

Player connection [39752] Host "[IP] 192.168.0.191 [Port] 0 [Flags] 2 [Guid] 2738857133 [EditorId] 2738857133 [Version] 1048832 [Id] WindowsEditor(7,cuppa-legion5) [Debug] 1 [PackageName] WindowsEditor [ProjectName] Editor" joined alternative multi-casting on [225.0.0.222:34997]...

[Physics::Module] Initialized MultithreadedJobDispatcher with 15 workers.
Refreshing native plugins compatible for Editor in 14.84 ms, found 4 plugins.
Preloading 0 native plugins for Editor in 0.00 ms.
Initialize engine version: 2022.3.11f1 (d00248457e15)
[Subsystems] Discovering subsystems at path C:/Program Files/Unity/Hub/Editor/2022.3.11f1/Editor/Data/Resources/UnitySubsystems
[Subsystems] Discovering subsystems at path C:/Users/goodo/Documents/Programming/Unity/ML Dodgeball/Assets
GfxDevice: creating device client; threaded=0; jobified=0
Direct3D:
    Version:  Direct3D 11.0 [level 11.1]
    Renderer: NVIDIA GeForce RTX 3060 Laptop GPU (ID=0x2560)
    Vendor:   NVIDIA
    VRAM:     5996 MB
    Driver:   32.0.15.5585
Initialize mono
Mono path[0] = 'C:/Program Files/Unity/Hub/Editor/2022.3.11f1/Editor/Data/Managed'
Mono path[1] = 'C:/Program Files/Unity/Hub/Editor/2022.3.11f1/Editor/Data/MonoBleedingEdge/lib/mono/unityjit-win32'
Mono config path = 'C:/Program Files/Unity/Hub/Editor/2022.3.11f1/Editor/Data/MonoBleedingEdge/etc'
Using monoOptions --debugger-agent=transport=dt_socket,embedding=1,server=y,suspend=n,address=127.0.0.1:56140
Begin MonoManager ReloadAssembly
Registering precompiled unity dll's ...
Register platform support module: C:/Program Files/Unity/Hub/Editor/2022.3.11f1/Editor/Data/PlaybackEngines/WebGLSupport/UnityEditor.WebGL.Extensions.dll
Register platform support module: C:/Program Files/Unity/Hub/Editor/2022.3.11f1/Editor/Data/PlaybackEngines/WindowsStandaloneSupport/UnityEditor.WindowsStandalone.Extensions.dll
Registered in 0.008861 seconds.
- Loaded All Assemblies, in  0.315 seconds
Native extension for WindowsStandalone target not found
Native extension for WebGL target not found
Mono: successfully reloaded assembly
- Finished resetting the current domain, in  0.235 seconds
Domain Reload Profiling: 548ms
	BeginReloadAssembly (96ms)
		ExecutionOrderSort (0ms)
		DisableScriptedObjects (0ms)
		BackupInstance (0ms)
		ReleaseScriptingObjects (0ms)
		CreateAndSetChildDomain (1ms)
	RebuildCommonClasses (29ms)
	RebuildNativeTypeToScriptingClass (9ms)
	initialDomainReloadingComplete (61ms)
	LoadAllAssembliesAndSetupDomain (118ms)
		LoadAssemblies (94ms)
		RebuildTransferFunctionScriptingTraits (0ms)
		AnalyzeDomain (116ms)
			TypeCache.Refresh (115ms)
				TypeCache.ScanAssembly (104ms)
			ScanForSourceGeneratedMonoScriptInfo (0ms)
			ResolveRequiredComponents (0ms)
	FinalizeReload (235ms)
		ReleaseScriptCaches (0ms)
		RebuildScriptCaches (0ms)
		SetupLoadedEditorAssemblies (181ms)
			LogAssemblyErrors (0ms)
			InitializePlatformSupportModulesInManaged (10ms)
			SetLoadedEditorAssemblies (5ms)
			RefreshPlugins (0ms)
			BeforeProcessingInitializeOnLoad (2ms)
			ProcessInitializeOnLoadAttributes (120ms)
			ProcessInitializeOnLoadMethodAttributes (45ms)
			AfterProcessingInitializeOnLoad (0ms)
			EditorAssembliesLoaded (0ms)
		ExecutionOrderSort2 (0ms)
		AwakeInstancesAfterBackupRestoration (0ms)
========================================================================
Worker process is ready to serve import requests
Begin MonoManager ReloadAssembly
- Loaded All Assemblies, in  0.574 seconds
Refreshing native plugins compatible for Editor in 6.33 ms, found 4 plugins.
Native extension for WindowsStandalone target not found
Native extension for WebGL target not found
Package Manager log level set to [2]
[Package Manager] Server::EnsureServerProcessIsRunning -- launch failed, reason: Unity was launched with the -noUpm command-line argument
[Package Manager] UpmClient::Send -- Unable to send message (not connected to UPM process).
[Package Manager] Cannot connect to Unity Package Manager local server
Mono: successfully reloaded assembly
- Finished resetting the current domain, in  0.514 seconds
Domain Reload Profiling: 1085ms
	BeginReloadAssembly (131ms)
		ExecutionOrderSort (0ms)
		DisableScriptedObjects (5ms)
		BackupInstance (0ms)
		ReleaseScriptingObjects (0ms)
		CreateAndSetChildDomain (23ms)
	RebuildCommonClasses (28ms)
	RebuildNativeTypeToScriptingClass (8ms)
	initialDomainReloadingComplete (40ms)
	LoadAllAssembliesAndSetupDomain (364ms)
		LoadAssemblies (275ms)
		RebuildTransferFunctionScriptingTraits (0ms)
		AnalyzeDomain (161ms)
			TypeCache.Refresh (143ms)
				TypeCache.ScanAssembly (131ms)
			ScanForSourceGeneratedMonoScriptInfo (14ms)
			ResolveRequiredComponents (3ms)
	FinalizeReload (514ms)
		ReleaseScriptCaches (0ms)
		RebuildScriptCaches (0ms)
		SetupLoadedEditorAssemblies (387ms)
			LogAssemblyErrors (0ms)
			InitializePlatformSupportModulesInManaged (6ms)
			SetLoadedEditorAssemblies (5ms)
			RefreshPlugins (0ms)
			BeforeProcessingInitializeOnLoad (65ms)
			ProcessInitializeOnLoadAttributes (287ms)
			ProcessInitializeOnLoadMethodAttributes (19ms)
			AfterProcessingInitializeOnLoad (7ms)
			EditorAssembliesLoaded (0ms)
		ExecutionOrderSort2 (0ms)
		AwakeInstancesAfterBackupRestoration (6ms)
Launched and connected shader compiler UnityShaderCompiler.exe after 0.04 seconds
Refreshing native plugins compatible for Editor in 8.61 ms, found 4 plugins.
Preloading 0 native plugins for Editor in 0.00 ms.
Unloading 3828 Unused Serialized files (Serialized files now loaded: 0)
Unloading 83 unused Assets / (22.8 MB). Loaded Objects now: 4252.
Memory consumption went from 179.1 MB to 156.3 MB.
Total: 6.499300 ms (FindLiveObjects: 0.262300 ms CreateObjectMapping: 0.222500 ms MarkObjects: 2.634400 ms  DeleteObjects: 3.379200 ms)

AssetImportParameters requested are different than current active one (requested -> active):
  custom:container-demuxer-ogg: 62fdf1f143b41e24485cea50d1cbac27 -> 
  custom:video-codec-MediaFoundation-h265: 746d11721c4dcdbdad8f713fa42b33f4 -> 
  custom:video-decoder-ogg-theora: a1e56fd34408186e4bbccfd4996cb3dc -> 
  custom:framework-win-MediaFoundation: 216162199b28c13a410421893ffa2e32 -> 
  custom:CustomObjectIndexerAttribute: 756ad292c208cfabdd7b50bc23989ffe -> 
  custom:container-demuxer-webm: 4f35f7cbe854078d1ac9338744f61a02 -> 
  custom:container-muxer-webm: aa71ff27fc2769a1b78a27578f13a17b -> 
  custom:video-decoder-webm-vp8: 9c59270c3fd7afecdb556c50c9e8de78 -> 
  custom:SearchIndexIgnoredProperties: e643bd26f0fe6173181afceb89e7c659 -> 
  custom:AudioImporter_EditorPlatform: d09bf68614088b80899f8185d706f6e7 -> 
  custom:video-encoder-webm-vp8: eb34c28f22e8b96e1ab97ce403110664 -> 
  custom:audio-decoder-ogg-vorbis: bf7c407c2cedff20999df2af8eb42d56 -> 
  custom:audio-encoder-webm-vorbis: bf7c407c2cedff20999df2af8eb42d56 -> 
========================================================================
Received Import Request.
  Time since last request: 1929343.323512 seconds.
  path: Assets/Prefabs/DodgeballArena_2v2.prefab
  artifactKey: Guid(d26051436f3bbda4aad00e9611d664d4) Importer(815301076,1909f56bfc062723c751e8b465ee728b)
Start importing Assets/Prefabs/DodgeballArena_2v2.prefab using Guid(d26051436f3bbda4aad00e9611d664d4) Importer(815301076,1909f56bfc062723c751e8b465ee728b)  -> (artifact id: '561b97c8200f909bf102f89e6a36a3f4') in 0.107526 seconds
Number of updated asset objects reloaded before import = 0
Number of asset objects unloaded after import = 264
========================================================================
Received Import Request.
  Time since last request: 2.207939 seconds.
  path: Assets/Prefabs/DodgeballArena_2v2.prefab
  artifactKey: Guid(d26051436f3bbda4aad00e9611d664d4) Importer(815301076,1909f56bfc062723c751e8b465ee728b)
Start importing Assets/Prefabs/DodgeballArena_2v2.prefab using Guid(d26051436f3bbda4aad00e9611d664d4) Importer(815301076,1909f56bfc062723c751e8b465ee728b)  -> (artifact id: '32a2586b3ca511acbaa691a8004fd0be') in 0.019510 seconds
Number of updated asset objects reloaded before import = 0
Number of asset objects unloaded after import = 272
========================================================================
Received Import Request.
  Time since last request: 2.215776 seconds.
  path: Assets/Prefabs/DodgeballArena_2v2.prefab
  artifactKey: Guid(d26051436f3bbda4aad00e9611d664d4) Importer(815301076,1909f56bfc062723c751e8b465ee728b)
Start importing Assets/Prefabs/DodgeballArena_2v2.prefab using Guid(d26051436f3bbda4aad00e9611d664d4) Importer(815301076,1909f56bfc062723c751e8b465ee728b)  -> (artifact id: '8b309545f5b829e9cfc6f852c317d4e8') in 0.019809 seconds
Number of updated asset objects reloaded before import = 0
Number of asset objects unloaded after import = 280
========================================================================
Received Import Request.
  Time since last request: 2.612444 seconds.
  path: Assets/Prefabs/DodgeballArena_2v2.prefab
  artifactKey: Guid(d26051436f3bbda4aad00e9611d664d4) Importer(815301076,1909f56bfc062723c751e8b465ee728b)
Start importing Assets/Prefabs/DodgeballArena_2v2.prefab using Guid(d26051436f3bbda4aad00e9611d664d4) Importer(815301076,1909f56bfc062723c751e8b465ee728b)  -> (artifact id: '061ac70a00866d6f7a29ba9d3a1334bc') in 0.017737 seconds
Number of updated asset objects reloaded before import = 0
Number of asset objects unloaded after import = 280
========================================================================
Received Import Request.
  Time since last request: 4.033736 seconds.
  path: Assets/Prefabs/DodgeballArena_2v2.prefab
  artifactKey: Guid(d26051436f3bbda4aad00e9611d664d4) Importer(815301076,1909f56bfc062723c751e8b465ee728b)
Start importing Assets/Prefabs/DodgeballArena_2v2.prefab using Guid(d26051436f3bbda4aad00e9611d664d4) Importer(815301076,1909f56bfc062723c751e8b465ee728b)  -> (artifact id: 'a979ff0af40df07d44876268500d18ca') in 0.016788 seconds
Number of updated asset objects reloaded before import = 0
Number of asset objects unloaded after import = 280
========================================================================
Received Import Request.
  Time since last request: 0.823392 seconds.
  path: Assets/Prefabs/DodgeballArena_2v2.prefab
  artifactKey: Guid(d26051436f3bbda4aad00e9611d664d4) Importer(815301076,1909f56bfc062723c751e8b465ee728b)
Start importing Assets/Prefabs/DodgeballArena_2v2.prefab using Guid(d26051436f3bbda4aad00e9611d664d4) Importer(815301076,1909f56bfc062723c751e8b465ee728b)  -> (artifact id: '9420c19e688509acbb4c38ff0ed2f793') in 0.013798 seconds
Number of updated asset objects reloaded before import = 0
Number of asset objects unloaded after import = 280
========================================================================
Received Import Request.
  Time since last request: 3.609581 seconds.
  path: Assets/Prefabs/DodgeballArena_2v2.prefab
  artifactKey: Guid(d26051436f3bbda4aad00e9611d664d4) Importer(815301076,1909f56bfc062723c751e8b465ee728b)
Start importing Assets/Prefabs/DodgeballArena_2v2.prefab using Guid(d26051436f3bbda4aad00e9611d664d4) Importer(815301076,1909f56bfc062723c751e8b465ee728b)  -> (artifact id: 'c8a57c5afd6b4e2ff79e2f311f4db19f') in 0.017468 seconds
Number of updated asset objects reloaded before import = 0
Number of asset objects unloaded after import = 280
========================================================================
Received Import Request.
  Time since last request: 3.213762 seconds.
  path: Assets/Prefabs/DodgeballArena_2v2.prefab
  artifactKey: Guid(d26051436f3bbda4aad00e9611d664d4) Importer(815301076,1909f56bfc062723c751e8b465ee728b)
Start importing Assets/Prefabs/DodgeballArena_2v2.prefab using Guid(d26051436f3bbda4aad00e9611d664d4) Importer(815301076,1909f56bfc062723c751e8b465ee728b)  -> (artifact id: '8bfc2000dcac887692d94aed57818169') in 0.016826 seconds
Number of updated asset objects reloaded before import = 0
Number of asset objects unloaded after import = 280
========================================================================
Received Import Request.
  Time since last request: 3.814353 seconds.
  path: Assets/Prefabs/DodgeballArena_2v2.prefab
  artifactKey: Guid(d26051436f3bbda4aad00e9611d664d4) Importer(815301076,1909f56bfc062723c751e8b465ee728b)
Start importing Assets/Prefabs/DodgeballArena_2v2.prefab using Guid(d26051436f3bbda4aad00e9611d664d4) Importer(815301076,1909f56bfc062723c751e8b465ee728b)  -> (artifact id: 'cebe0c8539f80cbcf3ae11b2df5edaff') in 0.030457 seconds
Number of updated asset objects reloaded before import = 0
Number of asset objects unloaded after import = 280
========================================================================
Received Import Request.
  Time since last request: 2.015246 seconds.
  path: Assets/Prefabs/DodgeballArena_2v2.prefab
  artifactKey: Guid(d26051436f3bbda4aad00e9611d664d4) Importer(815301076,1909f56bfc062723c751e8b465ee728b)
Start importing Assets/Prefabs/DodgeballArena_2v2.prefab using Guid(d26051436f3bbda4aad00e9611d664d4) Importer(815301076,1909f56bfc062723c751e8b465ee728b)  -> (artifact id: 'ac70fe7a62707776a9b211c87e9855dc') in 0.013613 seconds
Number of updated asset objects reloaded before import = 0
Number of asset objects unloaded after import = 280
========================================================================
Received Import Request.
  Time since last request: 1.637811 seconds.
  path: Assets/Prefabs/DodgeballArena_2v2.prefab
  artifactKey: Guid(d26051436f3bbda4aad00e9611d664d4) Importer(815301076,1909f56bfc062723c751e8b465ee728b)
Start importing Assets/Prefabs/DodgeballArena_2v2.prefab using Guid(d26051436f3bbda4aad00e9611d664d4) Importer(815301076,1909f56bfc062723c751e8b465ee728b)  -> (artifact id: '34e2d5cfb3aa5e257f79a1642c9a3587') in 0.012951 seconds
Number of updated asset objects reloaded before import = 0
Number of asset objects unloaded after import = 280
========================================================================
Received Import Request.
  Time since last request: 6.434418 seconds.
  path: Assets/Prefabs/DodgeballArena_2v2.prefab
  artifactKey: Guid(d26051436f3bbda4aad00e9611d664d4) Importer(815301076,1909f56bfc062723c751e8b465ee728b)
Start importing Assets/Prefabs/DodgeballArena_2v2.prefab using Guid(d26051436f3bbda4aad00e9611d664d4) Importer(815301076,1909f56bfc062723c751e8b465ee728b)  -> (artifact id: '1020629e8e8a75c1c582929cd6bcbfa8') in 0.025194 seconds
Number of updated asset objects reloaded before import = 0
Number of asset objects unloaded after import = 136
========================================================================
Received Import Request.
  Time since last request: 3.602729 seconds.
  path: Assets/Prefabs/DodgeballArena_2v2.prefab
  artifactKey: Guid(d26051436f3bbda4aad00e9611d664d4) Importer(815301076,1909f56bfc062723c751e8b465ee728b)
Start importing Assets/Prefabs/DodgeballArena_2v2.prefab using Guid(d26051436f3bbda4aad00e9611d664d4) Importer(815301076,1909f56bfc062723c751e8b465ee728b)  -> (artifact id: 'd2e2aa4a17b8cc9d2d9e784eb7f29f03') in 0.014805 seconds
Number of updated asset objects reloaded before import = 0
Number of asset objects unloaded after import = 211
========================================================================
Received Import Request.
  Time since last request: 6.836072 seconds.
  path: Assets/Prefabs/DodgeballArena_2v2.prefab
  artifactKey: Guid(d26051436f3bbda4aad00e9611d664d4) Importer(815301076,1909f56bfc062723c751e8b465ee728b)
Start importing Assets/Prefabs/DodgeballArena_2v2.prefab using Guid(d26051436f3bbda4aad00e9611d664d4) Importer(815301076,1909f56bfc062723c751e8b465ee728b)  -> (artifact id: 'cf3621edfa636ae72b50cbf1a62d2038') in 0.015925 seconds
Number of updated asset objects reloaded before import = 0
Number of asset objects unloaded after import = 211
========================================================================
Received Import Request.
  Time since last request: 2.002855 seconds.
  path: Assets/Prefabs/DodgeballArena_2v2.prefab
  artifactKey: Guid(d26051436f3bbda4aad00e9611d664d4) Importer(815301076,1909f56bfc062723c751e8b465ee728b)
Start importing Assets/Prefabs/DodgeballArena_2v2.prefab using Guid(d26051436f3bbda4aad00e9611d664d4) Importer(815301076,1909f56bfc062723c751e8b465ee728b)  -> (artifact id: 'a996758e881147ff81c281d3dd3dd95b') in 0.020096 seconds
Number of updated asset objects reloaded before import = 0
Number of asset objects unloaded after import = 211
========================================================================
Received Import Request.
  Time since last request: 9.850602 seconds.
  path: Assets/Prefabs/DodgeballArena_2v2.prefab
  artifactKey: Guid(d26051436f3bbda4aad00e9611d664d4) Importer(815301076,1909f56bfc062723c751e8b465ee728b)
Start importing Assets/Prefabs/DodgeballArena_2v2.prefab using Guid(d26051436f3bbda4aad00e9611d664d4) Importer(815301076,1909f56bfc062723c751e8b465ee728b)  -> (artifact id: '48271cfac00f0d561968aa14d7d8ee7e') in 0.015439 seconds
Number of updated asset objects reloaded before import = 0
Number of asset objects unloaded after import = 211
========================================================================
Received Import Request.
  Time since last request: 1.794284 seconds.
  path: Assets/Prefabs/DodgeballArena_2v2.prefab
  artifactKey: Guid(d26051436f3bbda4aad00e9611d664d4) Importer(815301076,1909f56bfc062723c751e8b465ee728b)
Start importing Assets/Prefabs/DodgeballArena_2v2.prefab using Guid(d26051436f3bbda4aad00e9611d664d4) Importer(815301076,1909f56bfc062723c751e8b465ee728b)  -> (artifact id: '1f45adf9a562bb207c555a3aa9f50cd2') in 0.015837 seconds
Number of updated asset objects reloaded before import = 0
Number of asset objects unloaded after import = 211
========================================================================
Received Import Request.
  Time since last request: 0.183251 seconds.
  path: Assets/Prefabs/DodgeballArena_2v2.prefab
  artifactKey: Guid(d26051436f3bbda4aad00e9611d664d4) Importer(815301076,1909f56bfc062723c751e8b465ee728b)
Start importing Assets/Prefabs/DodgeballArena_2v2.prefab using Guid(d26051436f3bbda4aad00e9611d664d4) Importer(815301076,1909f56bfc062723c751e8b465ee728b)  -> (artifact id: '1b4849c984fa71d7549ea304a3bcbd17') in 0.018611 seconds
Number of updated asset objects reloaded before import = 0
Number of asset objects unloaded after import = 247
========================================================================
Received Import Request.
  Time since last request: 3.196706 seconds.
  path: Assets/Prefabs/DodgeballArena_2v2.prefab
  artifactKey: Guid(d26051436f3bbda4aad00e9611d664d4) Importer(815301076,1909f56bfc062723c751e8b465ee728b)
Start importing Assets/Prefabs/DodgeballArena_2v2.prefab using Guid(d26051436f3bbda4aad00e9611d664d4) Importer(815301076,1909f56bfc062723c751e8b465ee728b)  -> (artifact id: '92a232fe0b59fc6384952040c7df0146') in 0.015362 seconds
Number of updated asset objects reloaded before import = 0
Number of asset objects unloaded after import = 247
========================================================================
Received Import Request.
  Time since last request: 0.206624 seconds.
  path: Assets/Prefabs/DodgeballArena_2v2.prefab
  artifactKey: Guid(d26051436f3bbda4aad00e9611d664d4) Importer(815301076,1909f56bfc062723c751e8b465ee728b)
Start importing Assets/Prefabs/DodgeballArena_2v2.prefab using Guid(d26051436f3bbda4aad00e9611d664d4) Importer(815301076,1909f56bfc062723c751e8b465ee728b)  -> (artifact id: '7e7b20aaafa4812bf4bf1dd5a7b436b4') in 0.016084 seconds
Number of updated asset objects reloaded before import = 0
Number of asset objects unloaded after import = 320
========================================================================
Received Import Request.
  Time since last request: 8.054590 seconds.
  path: Assets/Prefabs/DodgeballArena_2v2.prefab
  artifactKey: Guid(d26051436f3bbda4aad00e9611d664d4) Importer(815301076,1909f56bfc062723c751e8b465ee728b)
Start importing Assets/Prefabs/DodgeballArena_2v2.prefab using Guid(d26051436f3bbda4aad00e9611d664d4) Importer(815301076,1909f56bfc062723c751e8b465ee728b)  -> (artifact id: '69d5bb0abf7520d4fe351ba1088bc3a8') in 0.016283 seconds
Number of updated asset objects reloaded before import = 0
Number of asset objects unloaded after import = 320
========================================================================
Received Import Request.
  Time since last request: 1.592477 seconds.
  path: Assets/Prefabs/DodgeballArena_2v2.prefab
  artifactKey: Guid(d26051436f3bbda4aad00e9611d664d4) Importer(815301076,1909f56bfc062723c751e8b465ee728b)
Start importing Assets/Prefabs/DodgeballArena_2v2.prefab using Guid(d26051436f3bbda4aad00e9611d664d4) Importer(815301076,1909f56bfc062723c751e8b465ee728b)  -> (artifact id: '1a09188aca9b27d5db09c9d224e325aa') in 0.016519 seconds
Number of updated asset objects reloaded before import = 0
Number of asset objects unloaded after import = 320
========================================================================
Received Import Request.
  Time since last request: 2.821289 seconds.
  path: Assets/Prefabs/DodgeballArena_2v2.prefab
  artifactKey: Guid(d26051436f3bbda4aad00e9611d664d4) Importer(815301076,1909f56bfc062723c751e8b465ee728b)
Start importing Assets/Prefabs/DodgeballArena_2v2.prefab using Guid(d26051436f3bbda4aad00e9611d664d4) Importer(815301076,1909f56bfc062723c751e8b465ee728b)  -> (artifact id: 'a6b68e4f6080c9a5d17e442a4bb7f34d') in 0.020243 seconds
Number of updated asset objects reloaded before import = 0
Number of asset objects unloaded after import = 320
========================================================================
Received Import Request.
  Time since last request: 1.587755 seconds.
  path: Assets/Prefabs/DodgeballArena_2v2.prefab
  artifactKey: Guid(d26051436f3bbda4aad00e9611d664d4) Importer(815301076,1909f56bfc062723c751e8b465ee728b)
Start importing Assets/Prefabs/DodgeballArena_2v2.prefab using Guid(d26051436f3bbda4aad00e9611d664d4) Importer(815301076,1909f56bfc062723c751e8b465ee728b)  -> (artifact id: '64297b682a63fd0fa5d27579ba169953') in 0.018769 seconds
Number of updated asset objects reloaded before import = 0
Number of asset objects unloaded after import = 320
========================================================================
Received Import Request.
  Time since last request: 0.191451 seconds.
  path: Assets/Prefabs/DodgeballArena_2v2.prefab
  artifactKey: Guid(d26051436f3bbda4aad00e9611d664d4) Importer(815301076,1909f56bfc062723c751e8b465ee728b)
Start importing Assets/Prefabs/DodgeballArena_2v2.prefab using Guid(d26051436f3bbda4aad00e9611d664d4) Importer(815301076,1909f56bfc062723c751e8b465ee728b)  -> (artifact id: 'b95ff9ad39477efd6cf1a34604475dc3') in 0.018523 seconds
Number of updated asset objects reloaded before import = 0
Number of asset objects unloaded after import = 356
========================================================================
Received Import Request.
  Time since last request: 3.833252 seconds.
  path: Assets/Prefabs/DodgeballArena_2v2.prefab
  artifactKey: Guid(d26051436f3bbda4aad00e9611d664d4) Importer(815301076,1909f56bfc062723c751e8b465ee728b)
Start importing Assets/Prefabs/DodgeballArena_2v2.prefab using Guid(d26051436f3bbda4aad00e9611d664d4) Importer(815301076,1909f56bfc062723c751e8b465ee728b)  -> (artifact id: '6047798cd34c7e47ea8d9edbbbd20bd1') in 0.016661 seconds
Number of updated asset objects reloaded before import = 0
Number of asset objects unloaded after import = 356
========================================================================
Received Import Request.
  Time since last request: 15.905976 seconds.
  path: Assets/Prefabs/DodgeballArena_2v2.prefab
  artifactKey: Guid(d26051436f3bbda4aad00e9611d664d4) Importer(815301076,1909f56bfc062723c751e8b465ee728b)
Start importing Assets/Prefabs/DodgeballArena_2v2.prefab using Guid(d26051436f3bbda4aad00e9611d664d4) Importer(815301076,1909f56bfc062723c751e8b465ee728b)  -> (artifact id: '54d7242611fa845d03c1cefbcdbe757e') in 0.015118 seconds
Number of updated asset objects reloaded before import = 0
Number of asset objects unloaded after import = 376
========================================================================
Received Import Request.
  Time since last request: 11.670269 seconds.
  path: Assets/Prefabs/DodgeballArena_2v2.prefab
  artifactKey: Guid(d26051436f3bbda4aad00e9611d664d4) Importer(815301076,1909f56bfc062723c751e8b465ee728b)
Start importing Assets/Prefabs/DodgeballArena_2v2.prefab using Guid(d26051436f3bbda4aad00e9611d664d4) Importer(815301076,1909f56bfc062723c751e8b465ee728b)  -> (artifact id: '374f0bc8c97ce5a3357c90aa05151551') in 0.076182 seconds
Number of updated asset objects reloaded before import = 0
Number of asset objects unloaded after import = 371
========================================================================
Received Import Request.
  Time since last request: 1.535763 seconds.
  path: Assets/Prefabs/DodgeballArena_2v2.prefab
  artifactKey: Guid(d26051436f3bbda4aad00e9611d664d4) Importer(815301076,1909f56bfc062723c751e8b465ee728b)
Start importing Assets/Prefabs/DodgeballArena_2v2.prefab using Guid(d26051436f3bbda4aad00e9611d664d4) Importer(815301076,1909f56bfc062723c751e8b465ee728b)  -> (artifact id: '9535fdf32476d65ebaabcf2de79da9db') in 0.019933 seconds
Number of updated asset objects reloaded before import = 0
Number of asset objects unloaded after import = 366
========================================================================
Received Import Request.
  Time since last request: 4.355297 seconds.
  path: Assets/Prefabs/DodgeballArena_2v2.prefab
  artifactKey: Guid(d26051436f3bbda4aad00e9611d664d4) Importer(815301076,1909f56bfc062723c751e8b465ee728b)
Start importing Assets/Prefabs/DodgeballArena_2v2.prefab using Guid(d26051436f3bbda4aad00e9611d664d4) Importer(815301076,1909f56bfc062723c751e8b465ee728b)  -> (artifact id: '33a98e896cc31629e5921df45e375bc9') in 0.039855 seconds
Number of updated asset objects reloaded before import = 0
Number of asset objects unloaded after import = 366
========================================================================
Received Import Request.
  Time since last request: 16.131998 seconds.
  path: Assets/Prefabs/DodgeballArena_2v2.prefab
  artifactKey: Guid(d26051436f3bbda4aad00e9611d664d4) Importer(815301076,1909f56bfc062723c751e8b465ee728b)
Start importing Assets/Prefabs/DodgeballArena_2v2.prefab using Guid(d26051436f3bbda4aad00e9611d664d4) Importer(815301076,1909f56bfc062723c751e8b465ee728b)  -> (artifact id: '5d9db4eac51dfd0644dadffbf4052d9c') in 0.014694 seconds
Number of updated asset objects reloaded before import = 0
Number of asset objects unloaded after import = 366
========================================================================
Received Import Request.
  Time since last request: 26.670106 seconds.
  path: Assets/Prefabs/DodgeballArena_2v2.prefab
  artifactKey: Guid(d26051436f3bbda4aad00e9611d664d4) Importer(815301076,1909f56bfc062723c751e8b465ee728b)
Start importing Assets/Prefabs/DodgeballArena_2v2.prefab using Guid(d26051436f3bbda4aad00e9611d664d4) Importer(815301076,1909f56bfc062723c751e8b465ee728b)  -> (artifact id: 'f26b7aee46abab8c016a83ebdfd3fcaf') in 0.014712 seconds
Number of updated asset objects reloaded before import = 0
Number of asset objects unloaded after import = 366
========================================================================
Received Import Request.
  Time since last request: 5.409197 seconds.
  path: Assets/Prefabs/DodgeballArena_2v2.prefab
  artifactKey: Guid(d26051436f3bbda4aad00e9611d664d4) Importer(815301076,1909f56bfc062723c751e8b465ee728b)
Start importing Assets/Prefabs/DodgeballArena_2v2.prefab using Guid(d26051436f3bbda4aad00e9611d664d4) Importer(815301076,1909f56bfc062723c751e8b465ee728b)  -> (artifact id: '4b852016697ea54b8d5323cc196cc119') in 0.017749 seconds
Number of updated asset objects reloaded before import = 0
Number of asset objects unloaded after import = 366
========================================================================
Received Import Request.
  Time since last request: 22.213258 seconds.
  path: Assets/Prefabs/DodgeballArena_2v2.prefab
  artifactKey: Guid(d26051436f3bbda4aad00e9611d664d4) Importer(815301076,1909f56bfc062723c751e8b465ee728b)
Start importing Assets/Prefabs/DodgeballArena_2v2.prefab using Guid(d26051436f3bbda4aad00e9611d664d4) Importer(815301076,1909f56bfc062723c751e8b465ee728b)  -> (artifact id: 'db723b3d4ab2d521b1eff80a48a8f955') in 0.015794 seconds
Number of updated asset objects reloaded before import = 0
Number of asset objects unloaded after import = 366
========================================================================
Received Import Request.
  Time since last request: 6.085441 seconds.
  path: Assets/Prefabs/AgentCube_Blue.prefab
  artifactKey: Guid(70d695e1d8399400bb0f2873bdf29bb0) Importer(815301076,1909f56bfc062723c751e8b465ee728b)
Start importing Assets/Prefabs/AgentCube_Blue.prefab using Guid(70d695e1d8399400bb0f2873bdf29bb0) Importer(815301076,1909f56bfc062723c751e8b465ee728b)  -> (artifact id: '55757da2751385ca13668b201989190e') in 0.015022 seconds
Number of updated asset objects reloaded before import = 0
Number of asset objects unloaded after import = 40
========================================================================
Received Import Request.
  Time since last request: 0.000017 seconds.
  path: Assets/Prefabs/DodgeballArena_2v2.prefab
  artifactKey: Guid(d26051436f3bbda4aad00e9611d664d4) Importer(815301076,1909f56bfc062723c751e8b465ee728b)
Start importing Assets/Prefabs/DodgeballArena_2v2.prefab using Guid(d26051436f3bbda4aad00e9611d664d4) Importer(815301076,1909f56bfc062723c751e8b465ee728b)  -> (artifact id: '0ba0ba595cfe1a0db26dd96236fcfb1d') in 0.032509 seconds
Number of updated asset objects reloaded before import = 0
Number of asset objects unloaded after import = 366
========================================================================
Received Prepare
Begin MonoManager ReloadAssembly
- Loaded All Assemblies, in  2.198 seconds
Refreshing native plugins compatible for Editor in 7.23 ms, found 4 plugins.
Native extension for WindowsStandalone target not found
Native extension for WebGL target not found
[Package Manager] Server::EnsureServerProcessIsRunning -- launch failed, reason: Unity was launched with the -noUpm command-line argument
[Package Manager] UpmClient::Send -- Unable to send message (not connected to UPM process).
[Package Manager] Cannot connect to Unity Package Manager local server
Mono: successfully reloaded assembly
- Finished resetting the current domain, in  8.569 seconds
Domain Reload Profiling: 10764ms
	BeginReloadAssembly (174ms)
		ExecutionOrderSort (0ms)
		DisableScriptedObjects (5ms)
		BackupInstance (0ms)
		ReleaseScriptingObjects (0ms)
		CreateAndSetChildDomain (33ms)
	RebuildCommonClasses (100ms)
	RebuildNativeTypeToScriptingClass (9ms)
	initialDomainReloadingComplete (28ms)
	LoadAllAssembliesAndSetupDomain (1884ms)
		LoadAssemblies (1980ms)
		RebuildTransferFunctionScriptingTraits (0ms)
		AnalyzeDomain (9ms)
			TypeCache.Refresh (4ms)
				TypeCache.ScanAssembly (0ms)
			ScanForSourceGeneratedMonoScriptInfo (0ms)
			ResolveRequiredComponents (4ms)
	FinalizeReload (8569ms)
		ReleaseScriptCaches (0ms)
		RebuildScriptCaches (0ms)
		SetupLoadedEditorAssemblies (374ms)
			LogAssemblyErrors (0ms)
			InitializePlatformSupportModulesInManaged (7ms)
			SetLoadedEditorAssemblies (3ms)
			RefreshPlugins (0ms)
			BeforeProcessingInitializeOnLoad (70ms)
			ProcessInitializeOnLoadAttributes (266ms)
			ProcessInitializeOnLoadMethodAttributes (19ms)
			AfterProcessingInitializeOnLoad (9ms)
			EditorAssembliesLoaded (0ms)
		ExecutionOrderSort2 (0ms)
		AwakeInstancesAfterBackupRestoration (7ms)
Refreshing native plugins compatible for Editor in 6.88 ms, found 4 plugins.
Preloading 0 native plugins for Editor in 0.00 ms.
Unloading 3762 Unused Serialized files (Serialized files now loaded: 0)
Unloading 64 unused Assets / (22.7 MB). Loaded Objects now: 4269.
Memory consumption went from 170.9 MB to 148.2 MB.
Total: 8.127600 ms (FindLiveObjects: 0.251400 ms CreateObjectMapping: 0.101000 ms MarkObjects: 3.466900 ms  DeleteObjects: 4.307600 ms)

Prepare: number of updated asset objects reloaded= 0
AssetImportParameters requested are different than current active one (requested -> active):
  custom:container-demuxer-ogg: 62fdf1f143b41e24485cea50d1cbac27 -> 
  custom:video-codec-MediaFoundation-h265: 746d11721c4dcdbdad8f713fa42b33f4 -> 
  custom:video-decoder-ogg-theora: a1e56fd34408186e4bbccfd4996cb3dc -> 
  custom:framework-win-MediaFoundation: 216162199b28c13a410421893ffa2e32 -> 
  custom:CustomObjectIndexerAttribute: 756ad292c208cfabdd7b50bc23989ffe -> 
  custom:container-demuxer-webm: 4f35f7cbe854078d1ac9338744f61a02 -> 
  custom:container-muxer-webm: aa71ff27fc2769a1b78a27578f13a17b -> 
  custom:video-decoder-webm-vp8: 9c59270c3fd7afecdb556c50c9e8de78 -> 
  custom:SearchIndexIgnoredProperties: e643bd26f0fe6173181afceb89e7c659 -> 
  custom:AudioImporter_EditorPlatform: d09bf68614088b80899f8185d706f6e7 -> 
  custom:video-encoder-webm-vp8: eb34c28f22e8b96e1ab97ce403110664 -> 
  custom:audio-decoder-ogg-vorbis: bf7c407c2cedff20999df2af8eb42d56 -> 
  custom:audio-encoder-webm-vorbis: bf7c407c2cedff20999df2af8eb42d56 -> 
========================================================================
Received Import Request.
  Time since last request: 14055.218257 seconds.
  path: Assets/Models/Dodgeball.onnx
  artifactKey: Guid(7cc36cbb10e83e148a9289cd9866050f) Importer(815301076,1909f56bfc062723c751e8b465ee728b)
Start importing Assets/Models/Dodgeball.onnx using Guid(7cc36cbb10e83e148a9289cd9866050f) Importer(815301076,1909f56bfc062723c751e8b465ee728b)  -> (artifact id: '15b2961a92c557e4e2e0a86f2f8c297a') in 0.059808 seconds
Number of updated asset objects reloaded before import = 0
Number of asset objects unloaded after import = 2
========================================================================
Received Prepare
Begin MonoManager ReloadAssembly
- Loaded All Assemblies, in  0.402 seconds
Refreshing native plugins compatible for Editor in 7.21 ms, found 4 plugins.
Native extension for WindowsStandalone target not found
Native extension for WebGL target not found
[Package Manager] Server::EnsureServerProcessIsRunning -- launch failed, reason: Unity was launched with the -noUpm command-line argument
[Package Manager] UpmClient::Send -- Unable to send message (not connected to UPM process).
[Package Manager] Cannot connect to Unity Package Manager local server
Mono: successfully reloaded assembly
- Finished resetting the current domain, in  0.815 seconds
Domain Reload Profiling: 1214ms
	BeginReloadAssembly (134ms)
		ExecutionOrderSort (0ms)
		DisableScriptedObjects (5ms)
		BackupInstance (0ms)
		ReleaseScriptingObjects (0ms)
		CreateAndSetChildDomain (31ms)
	RebuildCommonClasses (25ms)
	RebuildNativeTypeToScriptingClass (9ms)
	initialDomainReloadingComplete (29ms)
	LoadAllAssembliesAndSetupDomain (202ms)
		LoadAssemblies (261ms)
		RebuildTransferFunctionScriptingTraits (0ms)
		AnalyzeDomain (10ms)
			TypeCache.Refresh (5ms)
				TypeCache.ScanAssembly (0ms)
			ScanForSourceGeneratedMonoScriptInfo (0ms)
			ResolveRequiredComponents (4ms)
	FinalizeReload (816ms)
		ReleaseScriptCaches (0ms)
		RebuildScriptCaches (0ms)
		SetupLoadedEditorAssemblies (315ms)
			LogAssemblyErrors (0ms)
			InitializePlatformSupportModulesInManaged (6ms)
			SetLoadedEditorAssemblies (3ms)
			RefreshPlugins (0ms)
			BeforeProcessingInitializeOnLoad (58ms)
			ProcessInitializeOnLoadAttributes (226ms)
			ProcessInitializeOnLoadMethodAttributes (16ms)
			AfterProcessingInitializeOnLoad (7ms)
			EditorAssembliesLoaded (0ms)
		ExecutionOrderSort2 (0ms)
		AwakeInstancesAfterBackupRestoration (6ms)
Refreshing native plugins compatible for Editor in 6.84 ms, found 4 plugins.
Preloading 0 native plugins for Editor in 0.00 ms.
Unloading 3762 Unused Serialized files (Serialized files now loaded: 0)
Unloading 63 unused Assets / (22.7 MB). Loaded Objects now: 4273.
Memory consumption went from 172.8 MB to 150.1 MB.
Total: 6.043700 ms (FindLiveObjects: 0.276200 ms CreateObjectMapping: 0.117300 ms MarkObjects: 2.339100 ms  DeleteObjects: 3.309600 ms)

Prepare: number of updated asset objects reloaded= 0
AssetImportParameters requested are different than current active one (requested -> active):
  custom:container-demuxer-ogg: 62fdf1f143b41e24485cea50d1cbac27 -> 
  custom:video-codec-MediaFoundation-h265: 746d11721c4dcdbdad8f713fa42b33f4 -> 
  custom:video-decoder-ogg-theora: a1e56fd34408186e4bbccfd4996cb3dc -> 
  custom:framework-win-MediaFoundation: 216162199b28c13a410421893ffa2e32 -> 
  custom:CustomObjectIndexerAttribute: 756ad292c208cfabdd7b50bc23989ffe -> 
  custom:container-demuxer-webm: 4f35f7cbe854078d1ac9338744f61a02 -> 
  custom:container-muxer-webm: aa71ff27fc2769a1b78a27578f13a17b -> 
  custom:video-decoder-webm-vp8: 9c59270c3fd7afecdb556c50c9e8de78 -> 
  custom:SearchIndexIgnoredProperties: e643bd26f0fe6173181afceb89e7c659 -> 
  custom:AudioImporter_EditorPlatform: d09bf68614088b80899f8185d706f6e7 -> 
  custom:video-encoder-webm-vp8: eb34c28f22e8b96e1ab97ce403110664 -> 
  custom:audio-decoder-ogg-vorbis: bf7c407c2cedff20999df2af8eb42d56 -> 
  custom:audio-encoder-webm-vorbis: bf7c407c2cedff20999df2af8eb42d56 -> 
========================================================================
Received Prepare
Refreshing native plugins compatible for Editor in 7.67 ms, found 4 plugins.
Preloading 0 native plugins for Editor in 0.00 ms.
Unloading 23 Unused Serialized files (Serialized files now loaded: 0)
Unloading 23 unused Assets / (22.7 MB). Loaded Objects now: 4273.
Memory consumption went from 115.0 MB to 92.2 MB.
Total: 6.466200 ms (FindLiveObjects: 0.276700 ms CreateObjectMapping: 0.226600 ms MarkObjects: 2.515600 ms  DeleteObjects: 3.446200 ms)

Prepare: number of updated asset objects reloaded= 0
AssetImportParameters requested are different than current active one (requested -> active):
  custom:container-demuxer-ogg: 62fdf1f143b41e24485cea50d1cbac27 -> 
  custom:video-codec-MediaFoundation-h265: 746d11721c4dcdbdad8f713fa42b33f4 -> 
  custom:video-decoder-ogg-theora: a1e56fd34408186e4bbccfd4996cb3dc -> 
  custom:framework-win-MediaFoundation: 216162199b28c13a410421893ffa2e32 -> 
  custom:CustomObjectIndexerAttribute: 756ad292c208cfabdd7b50bc23989ffe -> 
  custom:container-demuxer-webm: 4f35f7cbe854078d1ac9338744f61a02 -> 
  custom:container-muxer-webm: aa71ff27fc2769a1b78a27578f13a17b -> 
  custom:video-decoder-webm-vp8: 9c59270c3fd7afecdb556c50c9e8de78 -> 
  custom:SearchIndexIgnoredProperties: e643bd26f0fe6173181afceb89e7c659 -> 
  custom:AudioImporter_EditorPlatform: d09bf68614088b80899f8185d706f6e7 -> 
  custom:video-encoder-webm-vp8: eb34c28f22e8b96e1ab97ce403110664 -> 
  custom:audio-decoder-ogg-vorbis: bf7c407c2cedff20999df2af8eb42d56 -> 
  custom:audio-encoder-webm-vorbis: bf7c407c2cedff20999df2af8eb42d56 -> 
========================================================================
Received Prepare
Begin MonoManager ReloadAssembly
- Loaded All Assemblies, in  0.416 seconds
Refreshing native plugins compatible for Editor in 6.93 ms, found 4 plugins.
Native extension for WindowsStandalone target not found
Native extension for WebGL target not found
[Package Manager] Server::EnsureServerProcessIsRunning -- launch failed, reason: Unity was launched with the -noUpm command-line argument
[Package Manager] UpmClient::Send -- Unable to send message (not connected to UPM process).
[Package Manager] Cannot connect to Unity Package Manager local server
Mono: successfully reloaded assembly
- Finished resetting the current domain, in  0.877 seconds
Domain Reload Profiling: 1289ms
	BeginReloadAssembly (138ms)
		ExecutionOrderSort (0ms)
		DisableScriptedObjects (7ms)
		BackupInstance (0ms)
		ReleaseScriptingObjects (0ms)
		CreateAndSetChildDomain (30ms)
	RebuildCommonClasses (32ms)
	RebuildNativeTypeToScriptingClass (9ms)
	initialDomainReloadingComplete (29ms)
	LoadAllAssembliesAndSetupDomain (204ms)
		LoadAssemblies (264ms)
		RebuildTransferFunctionScriptingTraits (0ms)
		AnalyzeDomain (12ms)
			TypeCache.Refresh (5ms)
				TypeCache.ScanAssembly (0ms)
			ScanForSourceGeneratedMonoScriptInfo (0ms)
			ResolveRequiredComponents (6ms)
	FinalizeReload (877ms)
		ReleaseScriptCaches (0ms)
		RebuildScriptCaches (0ms)
		SetupLoadedEditorAssemblies (319ms)
			LogAssemblyErrors (0ms)
			InitializePlatformSupportModulesInManaged (7ms)
			SetLoadedEditorAssemblies (3ms)
			RefreshPlugins (0ms)
			BeforeProcessingInitializeOnLoad (60ms)
			ProcessInitializeOnLoadAttributes (226ms)
			ProcessInitializeOnLoadMethodAttributes (16ms)
			AfterProcessingInitializeOnLoad (7ms)
			EditorAssembliesLoaded (0ms)
		ExecutionOrderSort2 (0ms)
		AwakeInstancesAfterBackupRestoration (6ms)
Refreshing native plugins compatible for Editor in 6.76 ms, found 4 plugins.
Preloading 0 native plugins for Editor in 0.00 ms.
Unloading 3762 Unused Serialized files (Serialized files now loaded: 0)
Unloading 63 unused Assets / (22.7 MB). Loaded Objects now: 4277.
Memory consumption went from 174.8 MB to 152.0 MB.
Total: 6.176100 ms (FindLiveObjects: 0.266700 ms CreateObjectMapping: 0.119300 ms MarkObjects: 2.504300 ms  DeleteObjects: 3.284300 ms)

Prepare: number of updated asset objects reloaded= 0
AssetImportParameters requested are different than current active one (requested -> active):
  custom:container-demuxer-ogg: 62fdf1f143b41e24485cea50d1cbac27 -> 
  custom:video-codec-MediaFoundation-h265: 746d11721c4dcdbdad8f713fa42b33f4 -> 
  custom:video-decoder-ogg-theora: a1e56fd34408186e4bbccfd4996cb3dc -> 
  custom:framework-win-MediaFoundation: 216162199b28c13a410421893ffa2e32 -> 
  custom:CustomObjectIndexerAttribute: 756ad292c208cfabdd7b50bc23989ffe -> 
  custom:container-demuxer-webm: 4f35f7cbe854078d1ac9338744f61a02 -> 
  custom:container-muxer-webm: aa71ff27fc2769a1b78a27578f13a17b -> 
  custom:video-decoder-webm-vp8: 9c59270c3fd7afecdb556c50c9e8de78 -> 
  custom:SearchIndexIgnoredProperties: e643bd26f0fe6173181afceb89e7c659 -> 
  custom:AudioImporter_EditorPlatform: d09bf68614088b80899f8185d706f6e7 -> 
  custom:video-encoder-webm-vp8: eb34c28f22e8b96e1ab97ce403110664 -> 
  custom:audio-decoder-ogg-vorbis: bf7c407c2cedff20999df2af8eb42d56 -> 
  custom:audio-encoder-webm-vorbis: bf7c407c2cedff20999df2af8eb42d56 -> 
========================================================================
Received Prepare
Begin MonoManager ReloadAssembly
- Loaded All Assemblies, in  0.410 seconds
Refreshing native plugins compatible for Editor in 6.99 ms, found 4 plugins.
Native extension for WindowsStandalone target not found
Native extension for WebGL target not found
[Package Manager] Server::EnsureServerProcessIsRunning -- launch failed, reason: Unity was launched with the -noUpm command-line argument
[Package Manager] UpmClient::Send -- Unable to send message (not connected to UPM process).
[Package Manager] Cannot connect to Unity Package Manager local server
Mono: successfully reloaded assembly
- Finished resetting the current domain, in  0.816 seconds
Domain Reload Profiling: 1222ms
	BeginReloadAssembly (140ms)
		ExecutionOrderSort (0ms)
		DisableScriptedObjects (5ms)
		BackupInstance (0ms)
		ReleaseScriptingObjects (0ms)
		CreateAndSetChildDomain (30ms)
	RebuildCommonClasses (27ms)
	RebuildNativeTypeToScriptingClass (9ms)
	initialDomainReloadingComplete (29ms)
	LoadAllAssembliesAndSetupDomain (203ms)
		LoadAssemblies (267ms)
		RebuildTransferFunctionScriptingTraits (0ms)
		AnalyzeDomain (10ms)
			TypeCache.Refresh (5ms)
				TypeCache.ScanAssembly (0ms)
			ScanForSourceGeneratedMonoScriptInfo (0ms)
			ResolveRequiredComponents (4ms)
	FinalizeReload (816ms)
		ReleaseScriptCaches (0ms)
		RebuildScriptCaches (0ms)
		SetupLoadedEditorAssemblies (350ms)
			LogAssemblyErrors (0ms)
			InitializePlatformSupportModulesInManaged (7ms)
			SetLoadedEditorAssemblies (2ms)
			RefreshPlugins (0ms)
			BeforeProcessingInitializeOnLoad (60ms)
			ProcessInitializeOnLoadAttributes (258ms)
			ProcessInitializeOnLoadMethodAttributes (16ms)
			AfterProcessingInitializeOnLoad (7ms)
			EditorAssembliesLoaded (0ms)
		ExecutionOrderSort2 (0ms)
		AwakeInstancesAfterBackupRestoration (6ms)
Refreshing native plugins compatible for Editor in 5.93 ms, found 4 plugins.
Preloading 0 native plugins for Editor in 0.00 ms.
Unloading 3762 Unused Serialized files (Serialized files now loaded: 0)
Unloading 63 unused Assets / (22.7 MB). Loaded Objects now: 4281.
Memory consumption went from 176.7 MB to 154.0 MB.
Total: 6.123100 ms (FindLiveObjects: 0.259100 ms CreateObjectMapping: 0.136300 ms MarkObjects: 2.495800 ms  DeleteObjects: 3.230500 ms)

Prepare: number of updated asset objects reloaded= 0
AssetImportParameters requested are different than current active one (requested -> active):
  custom:container-demuxer-ogg: 62fdf1f143b41e24485cea50d1cbac27 -> 
  custom:video-codec-MediaFoundation-h265: 746d11721c4dcdbdad8f713fa42b33f4 -> 
  custom:video-decoder-ogg-theora: a1e56fd34408186e4bbccfd4996cb3dc -> 
  custom:framework-win-MediaFoundation: 216162199b28c13a410421893ffa2e32 -> 
  custom:CustomObjectIndexerAttribute: 756ad292c208cfabdd7b50bc23989ffe -> 
  custom:container-demuxer-webm: 4f35f7cbe854078d1ac9338744f61a02 -> 
  custom:container-muxer-webm: aa71ff27fc2769a1b78a27578f13a17b -> 
  custom:video-decoder-webm-vp8: 9c59270c3fd7afecdb556c50c9e8de78 -> 
  custom:SearchIndexIgnoredProperties: e643bd26f0fe6173181afceb89e7c659 -> 
  custom:AudioImporter_EditorPlatform: d09bf68614088b80899f8185d706f6e7 -> 
  custom:video-encoder-webm-vp8: eb34c28f22e8b96e1ab97ce403110664 -> 
  custom:audio-decoder-ogg-vorbis: bf7c407c2cedff20999df2af8eb42d56 -> 
  custom:audio-encoder-webm-vorbis: bf7c407c2cedff20999df2af8eb42d56 -> 
